<?xml version="1.0" encoding="UTF-8"?>
<!-- Generated by org.testng.reporters.JUnitXMLReporter -->
<testsuite ignored="0" hostname="DESKTOP-324F8NK" failures="0" tests="1" name="Test" time="0.15" errors="0" timestamp="2021-12-31T17:55:45 EST">
  <testcase classname="Testcases.report" name="@BeforeTest SetUp" time="0.115">
    <failure type="java.lang.NoSuchFieldError" message="VERSION_2_3_30">
      <![CDATA[java.lang.NoSuchFieldError: VERSION_2_3_30
at com.aventstack.extentreports.reporter.AbstractFileReporter.loadTemplateModel(AbstractFileReporter.java:54)
at com.aventstack.extentreports.reporter.ExtentSparkReporter.start(ExtentSparkReporter.java:136)
at com.aventstack.extentreports.reporter.ExtentSparkReporter.access$000(ExtentSparkReporter.java:27)
at com.aventstack.extentreports.reporter.ExtentSparkReporter$1.onSubscribe(ExtentSparkReporter.java:116)
at io.reactivex.rxjava3.subjects.PublishSubject.subscribeActual(PublishSubject.java:133)
at io.reactivex.rxjava3.core.Observable.subscribe(Observable.java:13099)
at com.aventstack.extentreports.ReactiveSubject.attachReporter(ReactiveSubject.java:38)
at com.aventstack.extentreports.ExtentReports.attachReporter(ExtentReports.java:66)
at Testcases.report.SetUp(report.java:25)
... Removed 24 stack frames]]>
    </failure>
  </testcase> <!-- @BeforeTest SetUp -->
  <testcase classname="Testcases.report" name="@AfterTest tearUp" time="-1.640991345152E9">
    <skipped/>
  </testcase> <!-- @AfterTest tearUp -->
  <testcase classname="Testcases.report" name="test" time="0.0">
    <skipped/>
  </testcase> <!-- test -->
</testsuite> <!-- Test -->
